"D:\Clion\CLion 2021.1.1\bin\cmake\win\bin\cmake.exe" -DCMAKE_BUILD_TYPE=Debug -G "CodeBlocks - NMake Makefiles" D:\洛谷刷题\P2367
-- The C compiler identification is MSVC 19.27.29112.0
-- The CXX compiler identification is MSVC 19.27.29112.0
-- Detecting C compiler ABI info
-- Detecting C compiler ABI info - failed
-- Check for working C compiler: C:/Program Files (x86)/Microsoft Visual Studio/2019/Community/VC/Tools/MSVC/14.27.29110/bin/Hostx86/x86/cl.exe
-- Check for working C compiler: C:/Program Files (x86)/Microsoft Visual Studio/2019/Community/VC/Tools/MSVC/14.27.29110/bin/Hostx86/x86/cl.exe - broken
CMake Error at D:/Clion/CLion 2021.1.1/bin/cmake/win/share/cmake-3.19/Modules/CMakeTestCCompiler.cmake:66 (message):
  The C compiler

    "C:/Program Files (x86)/Microsoft Visual Studio/2019/Community/VC/Tools/MSVC/14.27.29110/bin/Hostx86/x86/cl.exe"

  is not able to compile a simple test program.

  It fails with the following output:

    Change Dir: D:/娲涜胺鍒烽/P2367/cmake-build-debug/CMakeFiles/CMakeTmp
    
    Run Build Command(s):nmake /nologo cmTC_f4b6d\fast && 	"C:\Program Files (x86)\Microsoft Visual Studio\2019\Community\VC\Tools\MSVC\14.27.29110\bin\HostX86\x86\nmake.exe"  -f CMakeFiles\cmTC_f4b6d.dir\build.make /nologo -L                  CMakeFiles\cmTC_f4b6d.dir\build
    Building C object CMakeFiles/cmTC_f4b6d.dir/testCCompiler.c.obj
    	C:\PROGRA~2\MIB055~1\2019\COMMUN~1\VC\Tools\MSVC\1427~1.291\bin\Hostx86\x86\cl.exe @C:\Users\lenovo\AppData\Local\Temp\nm92C1.tmp
    testCCompiler.c
    Linking C executable cmTC_f4b6d.exe
    	"D:\Clion\CLion 2021.1.1\bin\cmake\win\bin\cmake.exe" -E vs_link_exe --intdir=CMakeFiles\cmTC_f4b6d.dir --rc=C:\PROGRA~2\WI3CF2~1\10\bin\100183~1.0\x86\rc.exe --mt=C:\PROGRA~2\WI3CF2~1\10\bin\100183~1.0\x86\mt.exe --manifests -- C:\PROGRA~2\MIB055~1\2019\COMMUN~1\VC\Tools\MSVC\1427~1.291\bin\Hostx86\x86\link.exe /nologo @CMakeFiles\cmTC_f4b6d.dir\objects1.rsp @C:\Users\lenovo\AppData\Local\Temp\nm932F.tmp
    LINK Pass 1: command "C:\PROGRA~2\MIB055~1\2019\COMMUN~1\VC\Tools\MSVC\1427~1.291\bin\Hostx86\x86\link.exe /nologo @CMakeFiles\cmTC_f4b6d.dir\objects1.rsp /out:cmTC_f4b6d.exe /implib:cmTC_f4b6d.lib /pdb:D:\??????\P2367\cmake-build-debug\CMakeFiles\CMakeTmp\cmTC_f4b6d.pdb /version:0.0 /machine:X86 /debug /INCREMENTAL /subsystem:console kernel32.lib user32.lib gdi32.lib winspool.lib shell32.lib ole32.lib oleaut32.lib uuid.lib comdlg32.lib advapi32.lib /MANIFEST /MANIFESTFILE:CMakeFiles\cmTC_f4b6d.dir/intermediate.manifest CMakeFiles\cmTC_f4b6d.dir/manifest.res" failed (exit code 1201) with the following output:
    LINK : fatal error LNK1201: 鍐欏叆绋嬪簭鏁版嵁搴撯�淒:\??????\P2367\cmake-build-debug\CMakeFiles\CMakeTmp\cmTC_f4b6d.pdb鈥濇椂鍑洪敊锛涜妫�鏌ユ槸鍚︽槸纾佺洏绌洪棿涓嶈冻銆佽矾寰勬棤鏁堟垨鏉冮檺涓嶅
    NMAKE : fatal error U1077: 鈥�"D:\Clion\CLion 2021.1.1\bin\cmake\win\bin\cmake.exe"鈥�: 杩斿洖浠ｇ爜鈥�0xffffffff鈥�
    Stop.
    NMAKE : fatal error U1077: 鈥�"C:\Program Files (x86)\Microsoft Visual Studio\2019\Community\VC\Tools\MSVC\14.27.29110\bin\HostX86\x86\nmake.exe"鈥�: 杩斿洖浠ｇ爜鈥�0x2鈥�
    Stop.
    
    

  

  CMake will not be able to correctly generate this project.
Call Stack (most recent call first):
  CMakeLists.txt:2 (project)


-- Configuring incomplete, errors occurred!
See also "D:/娲涜胺鍒烽/P2367/cmake-build-debug/CMakeFiles/CMakeOutput.log".
See also "D:/娲涜胺鍒烽/P2367/cmake-build-debug/CMakeFiles/CMakeError.log".
